c:\users\goines\documents\github\csc8503\csc8503\csc8503.dir\debug\cmake_pch.pch
c:\users\goines\documents\github\csc8503\csc8503\csc8503.dir\debug\vc143.pdb
c:\users\goines\documents\github\csc8503\csc8503\csc8503.dir\debug\cmake_pch.obj
c:\users\goines\documents\github\csc8503\csc8503\csc8503.dir\debug\tutorialgamenet.obj
c:\users\goines\documents\github\csc8503\csc8503\csc8503.dir\debug\tutorialgame.obj
c:\users\goines\documents\github\csc8503\csc8503\csc8503.dir\debug\stategameobject.obj
c:\users\goines\documents\github\csc8503\csc8503\csc8503.dir\debug\player.obj
c:\users\goines\documents\github\csc8503\csc8503\csc8503.dir\debug\networkedgame.obj
c:\users\goines\documents\github\csc8503\csc8503\csc8503.dir\debug\networkplayer.obj
c:\users\goines\documents\github\csc8503\csc8503\csc8503.dir\debug\menuautomata.obj
c:\users\goines\documents\github\csc8503\csc8503\csc8503.dir\debug\main.obj
c:\users\goines\documents\github\csc8503\csc8503\csc8503.dir\debug\gametechrenderer.obj
c:\users\goines\documents\github\csc8503\csc8503\cmakefiles\generate.stamp
c:\users\goines\documents\github\csc8503\x64\debug\csc8503.exe
c:\users\goines\documents\github\csc8503\x64\debug\csc8503.pdb
c:\users\goines\documents\github\csc8503\csc8503\csc8503.dir\debug\csc8503.ilk
c:\users\goines\documents\github\csc8503\csc8503\csc8503.dir\debug\csc8503.tlog\cl.command.1.tlog
c:\users\goines\documents\github\csc8503\csc8503\csc8503.dir\debug\csc8503.tlog\cl.items.tlog
c:\users\goines\documents\github\csc8503\csc8503\csc8503.dir\debug\csc8503.tlog\cl.read.1.tlog
c:\users\goines\documents\github\csc8503\csc8503\csc8503.dir\debug\csc8503.tlog\cl.write.1.tlog
c:\users\goines\documents\github\csc8503\csc8503\csc8503.dir\debug\csc8503.tlog\custombuild.command.1.tlog
c:\users\goines\documents\github\csc8503\csc8503\csc8503.dir\debug\csc8503.tlog\custombuild.read.1.tlog
c:\users\goines\documents\github\csc8503\csc8503\csc8503.dir\debug\csc8503.tlog\custombuild.write.1.tlog
c:\users\goines\documents\github\csc8503\csc8503\csc8503.dir\debug\csc8503.tlog\link.command.1.tlog
c:\users\goines\documents\github\csc8503\csc8503\csc8503.dir\debug\csc8503.tlog\link.read.1.tlog
c:\users\goines\documents\github\csc8503\csc8503\csc8503.dir\debug\csc8503.tlog\link.secondary.1.tlog
c:\users\goines\documents\github\csc8503\csc8503\csc8503.dir\debug\csc8503.tlog\link.write.1.tlog
